2026-01-12 18:08:01 INFO  [main] com.hima.backend.BackendApplication - Starting BackendApplication using Java 17.0.11 with PID 19664 (D:\HIMA 2026\Spring boot logging to Azure app insights\Test projects\backend\target\classes started by himapc in D:\HIMA 2026\Spring boot logging to Azure app insights\Test projects\backend)
2026-01-12 18:08:01 INFO  [main] com.hima.backend.BackendApplication - No active profile set, falling back to 1 default profile: "default"
2026-01-12 18:08:01 INFO  [main] org.springframework.boot.tomcat.TomcatWebServer - Tomcat initialized with port 8080 (http)
2026-01-12 18:08:01 INFO  [main] org.apache.coyote.http11.Http11NioProtocol - Initializing ProtocolHandler ["http-nio-8080"]
2026-01-12 18:08:01 INFO  [main] org.apache.catalina.core.StandardService - Starting service [Tomcat]
2026-01-12 18:08:01 INFO  [main] org.apache.catalina.core.StandardEngine - Starting Servlet engine: [Apache Tomcat/11.0.15]
2026-01-12 18:08:01 INFO  [main] org.springframework.boot.web.context.servlet.WebApplicationContextInitializer - Root WebApplicationContext: initialization completed in 506 ms
2026-01-12 18:08:02 INFO  [main] org.apache.coyote.http11.Http11NioProtocol - Starting ProtocolHandler ["http-nio-8080"]
2026-01-12 18:08:02 INFO  [main] org.springframework.boot.tomcat.TomcatWebServer - Tomcat started on port 8080 (http) with context path '/'
2026-01-12 18:08:02 INFO  [main] com.hima.backend.BackendApplication - Started BackendApplication in 1.142 seconds (process running for 1.374)
2026-01-12 18:08:16 INFO  [http-nio-8080-exec-1] org.apache.catalina.core.ContainerBase.[Tomcat].[localhost].[/] - Initializing Spring DispatcherServlet 'dispatcherServlet'
2026-01-12 18:08:16 INFO  [http-nio-8080-exec-1] org.springframework.web.servlet.DispatcherServlet - Initializing Servlet 'dispatcherServlet'
2026-01-12 18:08:16 INFO  [http-nio-8080-exec-1] org.springframework.web.servlet.DispatcherServlet - Completed initialization in 2 ms
2026-01-12 18:08:16 INFO  [http-nio-8080-exec-1] com.hima.backend.controller.HelloController - This log is written using SLF4J facade
2026-01-12 18:08:16 WARN  [http-nio-8080-exec-1] com.hima.backend.controller.HelloController - Warning message
2026-01-12 18:08:16 ERROR [http-nio-8080-exec-1] com.hima.backend.controller.HelloController - Error message
2026-01-12 18:08:16 INFO  [http-nio-8080-exec-1] com.hima.backend.controller.HelloController - JVM working directory = D:\HIMA 2026\Spring boot logging to Azure app insights\Test projects\backend
2026-01-12 18:09:48 INFO  [SpringApplicationShutdownHook] org.springframework.boot.tomcat.GracefulShutdown - Commencing graceful shutdown. Waiting for active requests to complete
2026-01-12 18:09:48 INFO  [tomcat-shutdown] org.springframework.boot.tomcat.GracefulShutdown - Graceful shutdown complete
2026-01-12 18:09:53 INFO  [main] com.hima.backend.BackendApplication - Starting BackendApplication using Java 17.0.11 with PID 9200 (D:\HIMA 2026\Spring boot logging to Azure app insights\Test projects\backend\target\classes started by himapc in D:\HIMA 2026\Spring boot logging to Azure app insights\Test projects\backend)
2026-01-12 18:09:53 INFO  [main] com.hima.backend.BackendApplication - No active profile set, falling back to 1 default profile: "default"
2026-01-12 18:09:53 INFO  [main] org.springframework.boot.tomcat.TomcatWebServer - Tomcat initialized with port 8080 (http)
2026-01-12 18:09:53 INFO  [main] org.apache.coyote.http11.Http11NioProtocol - Initializing ProtocolHandler ["http-nio-8080"]
2026-01-12 18:09:53 INFO  [main] org.apache.catalina.core.StandardService - Starting service [Tomcat]
2026-01-12 18:09:53 INFO  [main] org.apache.catalina.core.StandardEngine - Starting Servlet engine: [Apache Tomcat/11.0.15]
2026-01-12 18:09:53 INFO  [main] org.springframework.boot.web.context.servlet.WebApplicationContextInitializer - Root WebApplicationContext: initialization completed in 509 ms
2026-01-12 18:09:53 INFO  [main] org.apache.coyote.http11.Http11NioProtocol - Starting ProtocolHandler ["http-nio-8080"]
2026-01-12 18:09:53 INFO  [main] org.springframework.boot.tomcat.TomcatWebServer - Tomcat started on port 8080 (http) with context path '/'
2026-01-12 18:09:53 INFO  [main] com.hima.backend.BackendApplication - Started BackendApplication in 1.135 seconds (process running for 1.37)
2026-01-12 18:10:22 INFO  [http-nio-8080-exec-1] org.apache.catalina.core.ContainerBase.[Tomcat].[localhost].[/] - Initializing Spring DispatcherServlet 'dispatcherServlet'
2026-01-12 18:10:22 INFO  [http-nio-8080-exec-1] org.springframework.web.servlet.DispatcherServlet - Initializing Servlet 'dispatcherServlet'
2026-01-12 18:10:22 INFO  [http-nio-8080-exec-1] org.springframework.web.servlet.DispatcherServlet - Completed initialization in 2 ms
2026-01-12 18:10:22 INFO  [http-nio-8080-exec-1] com.hima.backend.controller.HelloController - This log is written using SLF4J facade
2026-01-12 18:10:22 WARN  [http-nio-8080-exec-1] com.hima.backend.controller.HelloController - Warning message
2026-01-12 18:10:22 ERROR [http-nio-8080-exec-1] com.hima.backend.controller.HelloController - Error message
2026-01-12 18:10:22 INFO  [http-nio-8080-exec-1] com.hima.backend.controller.HelloController - JVM working directory = D:\HIMA 2026\Spring boot logging to Azure app insights\Test projects\backend
